0 info it worked if it ends with ok
1 verbose cli [ 'c:\\Program Files (x86)\\nodejs\\node.exe',
1 verbose cli   'c:\\Program Files (x86)\\nodejs\\node_modules\\npm\\bin\\npm-cli.js',
1 verbose cli   'install',
1 verbose cli   '--save-dev',
1 verbose cli   'browsersync' ]
2 info using npm@1.4.28
3 info using node@v0.10.34
4 warn package.json betterforms@ No repository field.
5 verbose readDependencies using package.json deps
6 verbose cache add [ 'browsersync', null ]
7 verbose cache add name=undefined spec="browsersync" args=["browsersync",null]
8 verbose parsed url { protocol: null,
8 verbose parsed url   slashes: null,
8 verbose parsed url   auth: null,
8 verbose parsed url   host: null,
8 verbose parsed url   port: null,
8 verbose parsed url   hostname: null,
8 verbose parsed url   hash: null,
8 verbose parsed url   search: null,
8 verbose parsed url   query: null,
8 verbose parsed url   pathname: 'browsersync',
8 verbose parsed url   path: 'browsersync',
8 verbose parsed url   href: 'browsersync' }
9 silly lockFile 9d30254b-browsersync browsersync
10 verbose lock browsersync C:\Users\Ben\AppData\Roaming\npm-cache\9d30254b-browsersync.lock
11 silly lockFile 9d30254b-browsersync browsersync
12 silly lockFile 9d30254b-browsersync browsersync
13 verbose addNamed [ 'browsersync', '' ]
14 verbose addNamed [ null, '*' ]
15 silly lockFile c94e11e6-browsersync browsersync@
16 verbose lock browsersync@ C:\Users\Ben\AppData\Roaming\npm-cache\c94e11e6-browsersync.lock
17 silly addNameRange { name: 'browsersync', range: '*', hasData: false }
18 verbose request where is /browsersync
19 verbose request registry https://registry.npmjs.org/
20 verbose request id acd1564a2bb19ed9
21 verbose url raw /browsersync
22 verbose url resolving [ 'https://registry.npmjs.org/', './browsersync' ]
23 verbose url resolved https://registry.npmjs.org/browsersync
24 verbose request where is https://registry.npmjs.org/browsersync
25 info trying registry request attempt 1 at 16:12:27
26 http GET https://registry.npmjs.org/browsersync
27 http 404 https://registry.npmjs.org/browsersync
28 verbose headers { server: 'CouchDB/1.5.0 (Erlang OTP/R16B03)',
28 verbose headers   'content-type': 'application/json',
28 verbose headers   'cache-control': 'max-age=0',
28 verbose headers   'content-length': '51',
28 verbose headers   'accept-ranges': 'bytes',
28 verbose headers   date: 'Wed, 17 Jun 2015 15:12:26 GMT',
28 verbose headers   via: '1.1 varnish',
28 verbose headers   age: '0',
28 verbose headers   connection: 'keep-alive',
28 verbose headers   'x-served-by': 'cache-fra1240-FRA',
28 verbose headers   'x-cache': 'MISS',
28 verbose headers   'x-cache-hits': '0',
28 verbose headers   'x-timer': 'S1434553946.812974,VS0,VE181' }
29 silly registry.get cb [ 404,
29 silly registry.get   { server: 'CouchDB/1.5.0 (Erlang OTP/R16B03)',
29 silly registry.get     'content-type': 'application/json',
29 silly registry.get     'cache-control': 'max-age=0',
29 silly registry.get     'content-length': '51',
29 silly registry.get     'accept-ranges': 'bytes',
29 silly registry.get     date: 'Wed, 17 Jun 2015 15:12:26 GMT',
29 silly registry.get     via: '1.1 varnish',
29 silly registry.get     age: '0',
29 silly registry.get     connection: 'keep-alive',
29 silly registry.get     'x-served-by': 'cache-fra1240-FRA',
29 silly registry.get     'x-cache': 'MISS',
29 silly registry.get     'x-cache-hits': '0',
29 silly registry.get     'x-timer': 'S1434553946.812974,VS0,VE181' } ]
30 silly lockFile c94e11e6-browsersync browsersync@
31 silly lockFile c94e11e6-browsersync browsersync@
32 error 404 404 Not Found: browsersync
32 error 404
32 error 404 'browsersync' is not in the npm registry.
32 error 404 You should bug the author to publish it
32 error 404 It was specified as a dependency of 'betterforms'
32 error 404
32 error 404 Note that you can also install from a
32 error 404 tarball, folder, or http url, or git url.
33 error System Windows_NT 6.1.7601
34 error command "c:\\Program Files (x86)\\nodejs\\node.exe" "c:\\Program Files (x86)\\nodejs\\node_modules\\npm\\bin\\npm-cli.js" "install" "--save-dev" "browsersync"
35 error cwd F:\Websites\betterforms
36 error node -v v0.10.34
37 error npm -v 1.4.28
38 error code E404
39 verbose exit [ 1, true ]
